{
  "RSpec": {
    "coverage": {
      "/Users/kaifan11/Development/Magma/projects/solidus_dynamic_sitemaps/lib/solidus_dynamic_sitemaps.rb": [
        1,
        1,
        1,
        1,
        1,
        1,
        1
      ],
      "/Users/kaifan11/Development/Magma/projects/solidus_dynamic_sitemaps/lib/solidus_dynamic_sitemaps/engine.rb": [
        1,
        1,
        1,
        null,
        1,
        null,
        1,
        null,
        null,
        1,
        1,
        null,
        null,
        1,
        1,
        1,
        null,
        null,
        null,
        1,
        null,
        null
      ],
      "/Users/kaifan11/Development/Magma/projects/solidus_dynamic_sitemaps/app/models/product_decorator.rb": [
        1,
        4,
        null
      ],
      "/Users/kaifan11/Development/Magma/projects/solidus_dynamic_sitemaps/config/routes.rb": [
        1,
        1,
        null
      ],
      "/Users/kaifan11/Development/Magma/projects/solidus_dynamic_sitemaps/app/helpers/spree/sitemap_helper.rb": [
        1,
        null
      ],
      "/Users/kaifan11/Development/Magma/projects/solidus_dynamic_sitemaps/lib/solidus_dynamic_sitemaps/solidus_defaults.rb": [
        1,
        1,
        1,
        null,
        1,
        7,
        null,
        null,
        1,
        0,
        null,
        null,
        1,
        0,
        null,
        null,
        1,
        0,
        null,
        null,
        1,
        0,
        null,
        null,
        1,
        3,
        null,
        3,
        3,
        3,
        null,
        null,
        null,
        1,
        3,
        null,
        3,
        null,
        null,
        null,
        null,
        0,
        0,
        null,
        null,
        3,
        null,
        null,
        1,
        null,
        null,
        null,
        0,
        0,
        null,
        0,
        0,
        0,
        null,
        null,
        1,
        0,
        null,
        null,
        1,
        0,
        0,
        null,
        null,
        1,
        5,
        null,
        4,
        null,
        0,
        null,
        null,
        1,
        1,
        null,
        null,
        1,
        null,
        null,
        null,
        null,
        null,
        null,
        null,
        null,
        null,
        null,
        null,
        null,
        null,
        null,
        null,
        1,
        0,
        0,
        0,
        null,
        null,
        null,
        null,
        null,
        null
      ]
    },
    "timestamp": 1549650381
  }
}
